{"level":"warn","message":"Ruta inexistente -> ruta: '/ddd' || método: 'GET'"}
{"level":"warn","message":"Ruta inexistente -> ruta: '/login' || método: 'GET'"}
{"level":"warn","message":"Ruta inexistente -> ruta: '/login' || método: 'GET'"}
{"level":"warn","message":"Ruta inexistente -> ruta: '/register' || método: 'GET'"}
{"level":"warn","message":"Ruta inexistente -> ruta: '/ddd' || método: 'GET'"}
{"level":"warn","message":"Ruta inexistente -> ruta: '/favicon.ico' || método: 'GET'"}
{"level":"warn","message":"Ruta inexistente -> ruta: '/favicon.ico' || método: 'GET'"}
{"level":"warn","message":"Ruta inexistente -> ruta: '/favicon.ico' || método: 'GET'"}
{"level":"warn","message":"Ruta inexistente -> ruta: '/favicon.ico' || método: 'GET'"}
{"level":"warn","message":"Ruta inexistente -> ruta: '/favicon.ico' || método: 'GET'"}
{"level":"warn","message":"Ruta inexistente -> ruta: '/favicon.ico' || método: 'GET'"}
{"level":"warn","message":"Ruta inexistente -> ruta: '/favicon.ico' || método: 'GET'"}
{"level":"warn","message":"Ruta inexistente -> ruta: '/favicon.ico' || método: 'GET'"}
{"level":"warn","message":"Ruta inexistente -> ruta: '/favicon.ico' || método: 'GET'"}
{"level":"warn","message":"Ruta inexistente -> ruta: '/favicon.ico' || método: 'GET'"}
{"level":"warn","message":"Ruta inexistente -> ruta: '/faker/api/products-test' || método: 'GET'"}
{"level":"warn","message":"Ruta inexistente -> ruta: '/faker/api/products-test' || método: 'GET'"}
{"level":"warn","message":"Ruta inexistente -> ruta: '/faker/api/products-test' || método: 'GET'"}
{"level":"warn","message":"Ruta inexistente -> ruta: '/favicon.ico' || método: 'GET'"}
{"level":"warn","message":"Ruta inexistente -> ruta: '/favicon.ico' || método: 'GET'"}
{"level":"warn","message":"Ruta inexistente -> ruta: '/favicon.ico' || método: 'GET'"}
{"level":"warn","message":"Ruta inexistente -> ruta: '/favicon.ico' || método: 'GET'"}
{"level":"warn","message":"Ruta inexistente -> ruta: '/favicon.ico' || método: 'GET'"}
{"level":"warn","message":"Ruta inexistente -> ruta: '/favicon.ico' || método: 'GET'"}
{"level":"warn","message":"Ruta inexistente -> ruta: '/favicon.ico' || método: 'GET'"}
{"level":"warn","message":"Ruta inexistente -> ruta: '/favicon.ico' || método: 'GET'"}
{"level":"warn","message":"Ruta inexistente -> ruta: '/favicon.ico' || método: 'GET'"}
{"level":"warn","message":"Ruta inexistente -> ruta: '/favicon.ico' || método: 'GET'"}
{"level":"warn","message":"Ruta inexistente -> ruta: '/favicon.ico' || método: 'GET'"}
{"level":"warn","message":"Ruta inexistente -> ruta: '/css/animate.css' || método: 'GET'"}
{"level":"warn","message":"Ruta inexistente -> ruta: '/js/wow.min.js' || método: 'GET'"}
{"level":"warn","message":"Ruta inexistente -> ruta: '/css/animate.css' || método: 'GET'"}
{"level":"warn","message":"Ruta inexistente -> ruta: '/js/wow.min.js' || método: 'GET'"}
{"level":"warn","message":"Ruta inexistente -> ruta: '/js/wow.min.js' || método: 'GET'"}
{"level":"warn","message":"Ruta inexistente -> ruta: '/favicon.ico' || método: 'GET'"}
{"level":"warn","message":"Ruta inexistente -> ruta: '/favicon.ico' || método: 'GET'"}
{"level":"warn","message":"Ruta inexistente -> ruta: '/favicon.ico' || método: 'GET'"}
{"level":"warn","message":"Ruta inexistente -> ruta: '/favicon.ico' || método: 'GET'"}
{"level":"warn","message":"Ruta inexistente -> ruta: '/favicon.ico' || método: 'GET'"}
{"level":"warn","message":"Ruta inexistente -> ruta: '/favicon.ico' || método: 'GET'"}
{"level":"warn","message":"Ruta inexistente -> ruta: '/favicon.ico' || método: 'GET'"}
{"level":"warn","message":"Ruta inexistente -> ruta: '/favicon.ico' || método: 'GET'"}
{"level":"warn","message":"Ruta inexistente -> ruta: '/favicon.ico' || método: 'GET'"}
{"level":"warn","message":"Ruta inexistente -> ruta: '/favicon.ico' || método: 'GET'"}
{"level":"warn","message":"Ruta inexistente -> ruta: '/favicon.ico' || método: 'GET'"}
{"level":"warn","message":"Ruta inexistente -> ruta: '/favicon.ico' || método: 'GET'"}
{"level":"warn","message":"Ruta inexistente -> ruta: '/favicon.ico' || método: 'GET'"}
{"level":"warn","message":"Ruta inexistente -> ruta: '/favicon.ico' || método: 'GET'"}
{"level":"warn","message":"Ruta inexistente -> ruta: '/favicon.ico' || método: 'GET'"}
{"level":"warn","message":"Ruta inexistente -> ruta: '/favicon.ico' || método: 'GET'"}
{"level":"warn","message":"Ruta inexistente -> ruta: '/favicon.ico' || método: 'GET'"}
{"level":"warn","message":"Ruta inexistente -> ruta: '/favicon.ico' || método: 'GET'"}
{"level":"warn","message":"Ruta inexistente -> ruta: '/favicon.ico' || método: 'GET'"}
{"level":"warn","message":"Ruta inexistente -> ruta: '/favicon.ico' || método: 'GET'"}
{"level":"warn","message":"Ruta inexistente -> ruta: '/favicon.ico' || método: 'GET'"}
{"level":"warn","message":"Ruta inexistente -> ruta: '/favicon.ico' || método: 'GET'"}
{"level":"warn","message":"Ruta inexistente -> ruta: '/favicon.ico' || método: 'GET'"}
{"level":"warn","message":"Ruta inexistente -> ruta: '/assets/img/torta_arcoIris.png' || método: 'GET'"}
{"level":"warn","message":"Ruta inexistente -> ruta: '/purchase' || método: 'POST'"}
{"level":"warn","message":"Ruta inexistente -> ruta: '/purchase' || método: 'GET'"}
{"level":"warn","message":"Ruta inexistente -> ruta: '/purchase' || método: 'GET'"}
{"level":"warn","message":"Ruta inexistente -> ruta: '/purchase' || método: 'GET'"}
{"level":"warn","message":"Ruta inexistente -> ruta: '/purchase' || método: 'GET'"}
{"level":"warn","message":"Ruta inexistente -> ruta: '/purchase' || método: 'GET'"}
{"level":"warn","message":"Ruta inexistente -> ruta: '/purchase' || método: 'GET'"}
{"level":"warn","message":"Ruta inexistente -> ruta: '/purchase' || método: 'GET'"}
