{"level":"warn","message":"Ruta inexistente -> ruta: '/ddd' || método: 'GET'"}
{"level":"warn","message":"Ruta inexistente -> ruta: '/login' || método: 'GET'"}
{"level":"warn","message":"Ruta inexistente -> ruta: '/login' || método: 'GET'"}
{"level":"warn","message":"Ruta inexistente -> ruta: '/register' || método: 'GET'"}
{"level":"warn","message":"Ruta inexistente -> ruta: '/ddd' || método: 'GET'"}
{"level":"warn","message":"Ruta inexistente -> ruta: '/favicon.ico' || método: 'GET'"}
{"level":"warn","message":"Ruta inexistente -> ruta: '/favicon.ico' || método: 'GET'"}
{"level":"warn","message":"Ruta inexistente -> ruta: '/favicon.ico' || método: 'GET'"}
{"level":"warn","message":"Ruta inexistente -> ruta: '/favicon.ico' || método: 'GET'"}
{"level":"warn","message":"Ruta inexistente -> ruta: '/favicon.ico' || método: 'GET'"}
{"level":"warn","message":"Ruta inexistente -> ruta: '/favicon.ico' || método: 'GET'"}
{"level":"warn","message":"Ruta inexistente -> ruta: '/favicon.ico' || método: 'GET'"}
{"level":"warn","message":"Ruta inexistente -> ruta: '/favicon.ico' || método: 'GET'"}
{"level":"warn","message":"Ruta inexistente -> ruta: '/favicon.ico' || método: 'GET'"}
{"level":"warn","message":"Ruta inexistente -> ruta: '/favicon.ico' || método: 'GET'"}
{"level":"warn","message":"Ruta inexistente -> ruta: '/faker/api/products-test' || método: 'GET'"}
{"level":"warn","message":"Ruta inexistente -> ruta: '/faker/api/products-test' || método: 'GET'"}
{"level":"warn","message":"Ruta inexistente -> ruta: '/faker/api/products-test' || método: 'GET'"}
{"level":"warn","message":"Ruta inexistente -> ruta: '/favicon.ico' || método: 'GET'"}
{"level":"warn","message":"Ruta inexistente -> ruta: '/favicon.ico' || método: 'GET'"}
{"level":"warn","message":"Ruta inexistente -> ruta: '/favicon.ico' || método: 'GET'"}
{"level":"warn","message":"Ruta inexistente -> ruta: '/favicon.ico' || método: 'GET'"}
{"level":"warn","message":"Ruta inexistente -> ruta: '/favicon.ico' || método: 'GET'"}
{"level":"warn","message":"Ruta inexistente -> ruta: '/favicon.ico' || método: 'GET'"}
{"level":"warn","message":"Ruta inexistente -> ruta: '/favicon.ico' || método: 'GET'"}
{"level":"warn","message":"Ruta inexistente -> ruta: '/favicon.ico' || método: 'GET'"}
{"level":"warn","message":"Ruta inexistente -> ruta: '/favicon.ico' || método: 'GET'"}
{"level":"warn","message":"Ruta inexistente -> ruta: '/favicon.ico' || método: 'GET'"}
{"level":"warn","message":"Ruta inexistente -> ruta: '/favicon.ico' || método: 'GET'"}
{"level":"warn","message":"Ruta inexistente -> ruta: '/css/animate.css' || método: 'GET'"}
{"level":"warn","message":"Ruta inexistente -> ruta: '/js/wow.min.js' || método: 'GET'"}
{"level":"warn","message":"Ruta inexistente -> ruta: '/css/animate.css' || método: 'GET'"}
{"level":"warn","message":"Ruta inexistente -> ruta: '/js/wow.min.js' || método: 'GET'"}
{"level":"warn","message":"Ruta inexistente -> ruta: '/js/wow.min.js' || método: 'GET'"}
{"level":"warn","message":"Ruta inexistente -> ruta: '/favicon.ico' || método: 'GET'"}
{"level":"warn","message":"Ruta inexistente -> ruta: '/favicon.ico' || método: 'GET'"}
{"level":"warn","message":"Ruta inexistente -> ruta: '/favicon.ico' || método: 'GET'"}
{"level":"warn","message":"Ruta inexistente -> ruta: '/favicon.ico' || método: 'GET'"}
{"level":"warn","message":"Ruta inexistente -> ruta: '/favicon.ico' || método: 'GET'"}
{"level":"warn","message":"Ruta inexistente -> ruta: '/favicon.ico' || método: 'GET'"}
{"level":"warn","message":"Ruta inexistente -> ruta: '/favicon.ico' || método: 'GET'"}
{"level":"warn","message":"Ruta inexistente -> ruta: '/favicon.ico' || método: 'GET'"}
{"level":"warn","message":"Ruta inexistente -> ruta: '/favicon.ico' || método: 'GET'"}
{"level":"warn","message":"Ruta inexistente -> ruta: '/favicon.ico' || método: 'GET'"}
{"level":"warn","message":"Ruta inexistente -> ruta: '/favicon.ico' || método: 'GET'"}
{"level":"warn","message":"Ruta inexistente -> ruta: '/favicon.ico' || método: 'GET'"}
{"level":"warn","message":"Ruta inexistente -> ruta: '/favicon.ico' || método: 'GET'"}
{"level":"warn","message":"Ruta inexistente -> ruta: '/favicon.ico' || método: 'GET'"}
{"level":"warn","message":"Ruta inexistente -> ruta: '/favicon.ico' || método: 'GET'"}
{"level":"warn","message":"Ruta inexistente -> ruta: '/favicon.ico' || método: 'GET'"}
{"level":"warn","message":"Ruta inexistente -> ruta: '/favicon.ico' || método: 'GET'"}
{"level":"warn","message":"Ruta inexistente -> ruta: '/favicon.ico' || método: 'GET'"}
{"level":"warn","message":"Ruta inexistente -> ruta: '/favicon.ico' || método: 'GET'"}
{"level":"warn","message":"Ruta inexistente -> ruta: '/favicon.ico' || método: 'GET'"}
{"level":"warn","message":"Ruta inexistente -> ruta: '/favicon.ico' || método: 'GET'"}
{"level":"warn","message":"Ruta inexistente -> ruta: '/favicon.ico' || método: 'GET'"}
{"level":"warn","message":"Ruta inexistente -> ruta: '/favicon.ico' || método: 'GET'"}
{"level":"warn","message":"Ruta inexistente -> ruta: '/assets/img/torta_arcoIris.png' || método: 'GET'"}
{"level":"warn","message":"Ruta inexistente -> ruta: '/purchase' || método: 'POST'"}
{"level":"warn","message":"Ruta inexistente -> ruta: '/purchase' || método: 'GET'"}
{"level":"warn","message":"Ruta inexistente -> ruta: '/purchase' || método: 'GET'"}
{"level":"warn","message":"Ruta inexistente -> ruta: '/purchase' || método: 'GET'"}
{"level":"warn","message":"Ruta inexistente -> ruta: '/purchase' || método: 'GET'"}
{"level":"warn","message":"Ruta inexistente -> ruta: '/purchase' || método: 'GET'"}
{"level":"warn","message":"Ruta inexistente -> ruta: '/purchase' || método: 'GET'"}
{"level":"warn","message":"Ruta inexistente -> ruta: '/purchase' || método: 'GET'"}
{"level":"warn","message":"Ruta inexistente -> ruta: '/api/products/' || método: 'GET'"}
{"level":"warn","message":"Ruta inexistente -> ruta: '/api/products' || método: 'GET'"}
{"level":"warn","message":"Ruta inexistente -> ruta: '/api/products' || método: 'POST'"}
{"level":"warn","message":"Ruta inexistente -> ruta: '/api/products' || método: 'POST'"}
{"level":"warn","message":"Ruta inexistente -> ruta: '/api/productos' || método: 'GET'"}
{"level":"warn","message":"Ruta inexistente -> ruta: '/api/products' || método: 'POST'"}
{"level":"warn","message":"Ruta inexistente -> ruta: '/api/products' || método: 'POST'"}
{"level":"warn","message":"Ruta inexistente -> ruta: '/api/products' || método: 'POST'"}
{"level":"warn","message":"Ruta inexistente -> ruta: '/api/products' || método: 'POST'"}
{"level":"warn","message":"Ruta inexistente -> ruta: '/api/products' || método: 'POST'"}
{"level":"warn","message":"Ruta inexistente -> ruta: '/api/products' || método: 'POST'"}
{"level":"warn","message":"Ruta inexistente -> ruta: '/api/products' || método: 'POST'"}
{"level":"warn","message":"Ruta inexistente -> ruta: '/api/products' || método: 'POST'"}
{"level":"warn","message":"Ruta inexistente -> ruta: '/api/products' || método: 'POST'"}
{"level":"warn","message":"Ruta inexistente -> ruta: '/api/products' || método: 'POST'"}
{"level":"warn","message":"Ruta inexistente -> ruta: '/api/products' || método: 'POST'"}
{"level":"warn","message":"Ruta inexistente -> ruta: '/assets/img/cybersecurity.jpg' || método: 'GET'"}
{"level":"warn","message":"Ruta inexistente -> ruta: '/styles.css' || método: 'GET'"}
{"level":"warn","message":"Ruta inexistente -> ruta: '/assets/icons/mail1.svg' || método: 'GET'"}
{"level":"warn","message":"Ruta inexistente -> ruta: '/assets/img/ijac_logo.png' || método: 'GET'"}
{"level":"warn","message":"Ruta inexistente -> ruta: '/assets/icons/ubicacion.png' || método: 'GET'"}
{"level":"warn","message":"Ruta inexistente -> ruta: '/assets/icons/facebook1.png' || método: 'GET'"}
{"level":"warn","message":"Ruta inexistente -> ruta: '/assets/icons/instagram1.png' || método: 'GET'"}
{"level":"warn","message":"Ruta inexistente -> ruta: '/styles.css' || método: 'GET'"}
{"level":"warn","message":"Ruta inexistente -> ruta: '/assets/img/ijac_logo.png' || método: 'GET'"}
{"level":"warn","message":"Ruta inexistente -> ruta: '/js/register.js' || método: 'GET'"}
{"level":"warn","message":"Ruta inexistente -> ruta: '/assets/icons/ubicacion.png' || método: 'GET'"}
{"level":"warn","message":"Ruta inexistente -> ruta: '/assets/icons/facebook1.png' || método: 'GET'"}
{"level":"warn","message":"Ruta inexistente -> ruta: '/assets/icons/mail1.svg' || método: 'GET'"}
{"level":"warn","message":"Ruta inexistente -> ruta: '/styles.css' || método: 'GET'"}
{"level":"warn","message":"Ruta inexistente -> ruta: '/assets/img/ijac_logo.png' || método: 'GET'"}
{"level":"warn","message":"Ruta inexistente -> ruta: '/assets/icons/facebook1.png' || método: 'GET'"}
{"level":"warn","message":"Ruta inexistente -> ruta: '/assets/icons/ubicacion.png' || método: 'GET'"}
{"level":"warn","message":"Ruta inexistente -> ruta: '/js/login.js' || método: 'GET'"}
{"level":"warn","message":"Ruta inexistente -> ruta: '/assets/icons/mail1.svg' || método: 'GET'"}
{"level":"warn","message":"Ruta inexistente -> ruta: '/styles.css' || método: 'GET'"}
{"level":"warn","message":"Ruta inexistente -> ruta: '/assets/img/ijac_logo.png' || método: 'GET'"}
{"level":"warn","message":"Ruta inexistente -> ruta: '/assets/icons/ubicacion.png' || método: 'GET'"}
{"level":"warn","message":"Ruta inexistente -> ruta: '/assets/icons/facebook1.png' || método: 'GET'"}
{"level":"warn","message":"Ruta inexistente -> ruta: '/assets/icons/mail1.svg' || método: 'GET'"}
{"level":"warn","message":"Ruta inexistente -> ruta: '/assets/icons/instagram1.png' || método: 'GET'"}
{"level":"warn","message":"Ruta inexistente -> ruta: '/logout' || método: 'POST'"}
{"level":"warn","message":"Ruta inexistente -> ruta: '/logout' || método: 'POST'"}
{"level":"warn","message":"Ruta inexistente -> ruta: '/logout' || método: 'POST'"}
{"level":"warn","message":"Ruta inexistente -> ruta: '/logout' || método: 'POST'"}
{"level":"warn","message":"Ruta inexistente -> ruta: '/logout' || método: 'POST'"}
{"level":"warn","message":"Ruta inexistente -> ruta: '/logout' || método: 'POST'"}
{"level":"warn","message":"Ruta inexistente -> ruta: '/api/product' || método: 'POST'"}
{"level":"warn","message":"Ruta inexistente -> ruta: '/favicon.ico' || método: 'GET'"}
{"level":"warn","message":"Ruta inexistente -> ruta: '/favicon.ico' || método: 'GET'"}
{"level":"warn","message":"Ruta inexistente -> ruta: '/favicon.ico' || método: 'GET'"}
{"level":"warn","message":"Ruta inexistente -> ruta: '/favicon.ico' || método: 'GET'"}
{"level":"warn","message":"Ruta inexistente -> ruta: '/favicon.ico' || método: 'GET'"}
{"level":"warn","message":"Ruta inexistente -> ruta: '/api/' || método: 'GET'"}
{"level":"warn","message":"Ruta inexistente -> ruta: '/api/products-test' || método: 'GET'"}
{"level":"warn","message":"Ruta inexistente -> ruta: '/api/products-test' || método: 'GET'"}
{"level":"warn","message":"Ruta inexistente -> ruta: '/api/products-test' || método: 'GET'"}
{"level":"warn","message":"Ruta inexistente -> ruta: '/favicon.ico' || método: 'GET'"}
{"level":"warn","message":"Ruta inexistente -> ruta: '/favicon.ico' || método: 'GET'"}
{"level":"warn","message":"Ruta inexistente -> ruta: '/favicon.ico' || método: 'GET'"}
{"level":"warn","message":"Ruta inexistente -> ruta: '/favicon.ico' || método: 'GET'"}
{"level":"warn","message":"Ruta inexistente -> ruta: '/favicon.ico' || método: 'GET'"}
{"level":"warn","message":"Ruta inexistente -> ruta: '/favicon.ico' || método: 'GET'"}
{"level":"warn","message":"Ruta inexistente -> ruta: '/favicon.ico' || método: 'GET'"}
{"level":"warn","message":"Ruta inexistente -> ruta: '/favicon.ico' || método: 'GET'"}
{"level":"warn","message":"Ruta inexistente -> ruta: '/api/product/' || método: 'POST'"}
{"level":"warn","message":"Ruta inexistente -> ruta: '/api/products/3' || método: 'POST'"}
{"level":"warn","message":"Ruta inexistente -> ruta: '/api/products/3' || método: 'PUT'"}
{"level":"warn","message":"Ruta inexistente -> ruta: '/api/products/3' || método: 'PUT'"}
{"level":"warn","message":"Ruta inexistente -> ruta: '/favicon.ico' || método: 'GET'"}
{"level":"warn","message":"Ruta inexistente -> ruta: '/favicon.ico' || método: 'GET'"}
{"level":"warn","message":"Ruta inexistente -> ruta: '/api/products/' || método: 'DELETE'"}
{"level":"warn","message":"Ruta inexistente -> ruta: '/favicon.ico' || método: 'GET'"}
{"level":"warn","message":"Ruta inexistente -> ruta: '/favicon.ico' || método: 'GET'"}
{"level":"warn","message":"Ruta inexistente -> ruta: '/api/products/' || método: 'PUT'"}
{"level":"warn","message":"Ruta inexistente -> ruta: '/favicon.ico' || método: 'GET'"}
{"level":"warn","message":"Ruta inexistente -> ruta: '/favicon.ico' || método: 'GET'"}
{"level":"warn","message":"Ruta inexistente -> ruta: '/favicon.ico' || método: 'GET'"}
{"level":"warn","message":"Ruta inexistente -> ruta: '/api/cart' || método: 'GET'"}
{"level":"warn","message":"Ruta inexistente -> ruta: '/api/carts/1' || método: 'POST'"}
{"level":"warn","message":"Ruta inexistente -> ruta: '/products/1' || método: 'GET'"}
{"level":"warn","message":"Ruta inexistente -> ruta: '/api/products/1' || método: 'GET'"}
{"level":"warn","message":"Ruta inexistente -> ruta: '/api/product/1' || método: 'GET'"}
{"level":"warn","message":"Ruta inexistente -> ruta: '/api/products/1' || método: 'GET'"}
